Invoked as: ./configure --host=aarch64-linux-gnu --prefix=/home/marwan/projects/Raspberry-Pi4B/raspberry-pi-sensors/sqlite-autoconf-3490100/aarch64
Tclsh: /usr/bin/tclsh
Failed: aarch64-linux-gnu-gcc conftest__.c -o conftest__
/usr/lib/gcc-cross/aarch64-linux-gnu/13/../../../../aarch64-linux-gnu/bin/ld: /tmp/ccRolvVZ.o: in function `main':
conftest__.c:(.text+0x8): undefined reference to `localtime_s'
collect2: error: ld returned 1 exit status
child process exited abnormally
============
The failed code was:
extern void localtime_s(void);
int main(void) {
localtime_s();
return 0;
}
============
Failed: aarch64-linux-gnu-gcc conftest__.c -o conftest__
/usr/lib/gcc-cross/aarch64-linux-gnu/13/../../../../aarch64-linux-gnu/bin/ld: /tmp/ccy18mO4.o: in function `main':
conftest__.c:(.text+0x8): undefined reference to `deflate'
collect2: error: ld returned 1 exit status
child process exited abnormally
============
The failed code was:
extern void deflate(void);
int main(void) {
deflate();
return 0;
}
============
Failed: aarch64-linux-gnu-gcc conftest__.c -o conftest__ -lz
/usr/lib/gcc-cross/aarch64-linux-gnu/13/../../../../aarch64-linux-gnu/bin/ld: cannot find -lz: No such file or directory
collect2: error: ld returned 1 exit status
child process exited abnormally
============
The failed code was:
extern void deflate(void);
int main(void) {
deflate();
return 0;
}
============
Failed: aarch64-linux-gnu-gcc -c -rpath /home/marwan/projects/Raspberry-Pi4B/raspberry-pi-sensors/sqlite-autoconf-3490100/aarch64/lib conftest__.c -o conftest__.o
aarch64-linux-gnu-gcc: error: unrecognized command-line option ‘-rpath’
child process exited abnormally
============
The failed code was:
int main(void) {

return 0;
}
============
Failed: aarch64-linux-gnu-gcc -O2 conftest__.c -o conftest__
conftest__.c:1:13: warning: conflicting types for built-in function ‘ceil’; expected ‘double(double)’ [-Wbuiltin-declaration-mismatch]
    1 | extern void ceil(void);
      |             ^~~~
conftest__.c:1:1: note: ‘ceil’ is declared in header ‘<math.h>’
  +++ |+#include <math.h>
    1 | extern void ceil(void);
/usr/lib/gcc-cross/aarch64-linux-gnu/13/../../../../aarch64-linux-gnu/bin/ld: /tmp/ccUA6GIP.o: in function `main':
conftest__.c:(.text.startup+0x8): undefined reference to `ceil'
collect2: error: ld returned 1 exit status
child process exited abnormally
============
The failed code was:
extern void ceil(void);
int main(void) {
ceil();
return 0;
}
============
